This is XeTeX, Version 3.14159265-2.6-0.999991 (MiKTeX 2.9.7050 64-bit) (preloaded format=xelatex 2019.10.8)  8 OCT 2019 14:11
entering extended mode
**./bd-application.tex
(bd-application.tex
LaTeX2e <2018-12-01>
("C:\Program Files\MiKTeX 2.9\tex/latex/base\article.cls"
Document Class: article 2018/09/03 v1.4i Standard LaTeX document class
("C:\Program Files\MiKTeX 2.9\tex/latex/base\size10.clo"
File: size10.clo 2018/09/03 v1.4i Standard LaTeX file (size option)
)
\c@part=\count80
\c@section=\count81
\c@subsection=\count82
\c@subsubsection=\count83
\c@paragraph=\count84
\c@subparagraph=\count85
\c@figure=\count86
\c@table=\count87
\abovecaptionskip=\skip41
\belowcaptionskip=\skip42
\bibindent=\dimen102
)
("C:\Program Files\MiKTeX 2.9\tex/latex/base\inputenc.sty"
Package: inputenc 2018/08/11 v1.3c Input encoding file
\inpenc@prehook=\toks14
\inpenc@posthook=\toks15


Package inputenc Warning: inputenc package ignored with utf8 based engines.

) ("C:\Program Files\MiKTeX 2.9\tex/latex/fontspec\fontspec.sty"
("C:\Program Files\MiKTeX 2.9\tex/latex/l3packages/xparse\xparse.sty"
("C:\Program Files\MiKTeX 2.9\tex/latex/l3kernel\expl3.sty"
Package: expl3 2019-10-02 L3 programming layer (loader) 

("C:\Program Files\MiKTeX 2.9\tex/latex/l3kernel\expl3-code.tex"
Package: expl3 2019-10-02 L3 programming layer (code)
\c_max_int=\count88
\l_tmpa_int=\count89
\l_tmpb_int=\count90
\g_tmpa_int=\count91
\g_tmpb_int=\count92
\l__seq_internal_a_int=\count93
\l__seq_internal_b_int=\count94
\g__kernel_prg_map_int=\count95
\c__ior_term_noprompt_ior=\count96
\c_log_iow=\count97
\l_iow_line_count_int=\count98
\l__iow_line_target_int=\count99
\l__iow_one_indent_int=\count100
\l__iow_indent_int=\count101
\c_zero_dim=\dimen103
\c_max_dim=\dimen104
\l_tmpa_dim=\dimen105
\l_tmpb_dim=\dimen106
\g_tmpa_dim=\dimen107
\g_tmpb_dim=\dimen108
\c_zero_skip=\skip43
\c_max_skip=\skip44
\l_tmpa_skip=\skip45
\l_tmpb_skip=\skip46
\g_tmpa_skip=\skip47
\g_tmpb_skip=\skip48
\c_zero_muskip=\muskip10
\c_max_muskip=\muskip11
\l_tmpa_muskip=\muskip12
\l_tmpb_muskip=\muskip13
\g_tmpa_muskip=\muskip14
\g_tmpb_muskip=\muskip15
\l_keys_choice_int=\count102
\l__intarray_loop_int=\count103
\c__intarray_sp_dim=\dimen109
\g__intarray_font_int=\count104
\c__fp_leading_shift_int=\count105
\c__fp_middle_shift_int=\count106
\c__fp_trailing_shift_int=\count107
\c__fp_big_leading_shift_int=\count108
\c__fp_big_middle_shift_int=\count109
\c__fp_big_trailing_shift_int=\count110
\c__fp_Bigg_leading_shift_int=\count111
\c__fp_Bigg_middle_shift_int=\count112
\c__fp_Bigg_trailing_shift_int=\count113
\g__fp_array_int=\count114
\l__fp_array_loop_int=\count115
\l__sort_length_int=\count116
\l__sort_min_int=\count117
\l__sort_top_int=\count118
\l__sort_max_int=\count119
\l__sort_true_max_int=\count120
\l__sort_block_int=\count121
\l__sort_begin_int=\count122
\l__sort_end_int=\count123
\l__sort_A_int=\count124
\l__sort_B_int=\count125
\l__sort_C_int=\count126
\l__str_internal_int=\count127
\l__tl_analysis_normal_int=\count128
\l__tl_analysis_index_int=\count129
\l__tl_analysis_nesting_int=\count130
\l__tl_analysis_type_int=\count131
\l__regex_internal_a_int=\count132
\l__regex_internal_b_int=\count133
\l__regex_internal_c_int=\count134
\l__regex_balance_int=\count135
\l__regex_group_level_int=\count136
\l__regex_mode_int=\count137
\c__regex_cs_in_class_mode_int=\count138
\c__regex_cs_mode_int=\count139
\l__regex_catcodes_int=\count140
\l__regex_default_catcodes_int=\count141
\c__regex_catcode_L_int=\count142
\c__regex_catcode_O_int=\count143
\c__regex_catcode_A_int=\count144
\c__regex_all_catcodes_int=\count145
\l__regex_show_lines_int=\count146
\l__regex_min_state_int=\count147
\l__regex_max_state_int=\count148
\l__regex_left_state_int=\count149
\l__regex_right_state_int=\count150
\l__regex_capturing_group_int=\count151
\l__regex_min_pos_int=\count152
\l__regex_max_pos_int=\count153
\l__regex_curr_pos_int=\count154
\l__regex_start_pos_int=\count155
\l__regex_success_pos_int=\count156
\l__regex_curr_char_int=\count157
\l__regex_curr_catcode_int=\count158
\l__regex_last_char_int=\count159
\l__regex_case_changed_char_int=\count160
\l__regex_curr_state_int=\count161
\l__regex_step_int=\count162
\l__regex_min_active_int=\count163
\l__regex_max_active_int=\count164
\l__regex_replacement_csnames_int=\count165
\l__regex_match_count_int=\count166
\l__regex_min_submatch_int=\count167
\l__regex_submatch_int=\count168
\l__regex_zeroth_submatch_int=\count169
\g__regex_trace_regex_int=\count170
\c_empty_box=\box27
\l_tmpa_box=\box28
\l_tmpb_box=\box29
\g_tmpa_box=\box30
\g_tmpb_box=\box31
\l__box_top_dim=\dimen110
\l__box_bottom_dim=\dimen111
\l__box_left_dim=\dimen112
\l__box_right_dim=\dimen113
\l__box_top_new_dim=\dimen114
\l__box_bottom_new_dim=\dimen115
\l__box_left_new_dim=\dimen116
\l__box_right_new_dim=\dimen117
\l__box_internal_box=\box32
\l__coffin_internal_box=\box33
\l__coffin_internal_dim=\dimen118
\l__coffin_offset_x_dim=\dimen119
\l__coffin_offset_y_dim=\dimen120
\l__coffin_x_dim=\dimen121
\l__coffin_y_dim=\dimen122
\l__coffin_x_prime_dim=\dimen123
\l__coffin_y_prime_dim=\dimen124
\c_empty_coffin=\box34
\l__coffin_aligned_coffin=\box35
\l__coffin_aligned_internal_coffin=\box36
\l_tmpa_coffin=\box37
\l_tmpb_coffin=\box38
\g_tmpa_coffin=\box39
\g_tmpb_coffin=\box40
\l__coffin_bounding_shift_dim=\dimen125
\l__coffin_left_corner_dim=\dimen126
\l__coffin_right_corner_dim=\dimen127
\l__coffin_bottom_corner_dim=\dimen128
\l__coffin_top_corner_dim=\dimen129
\l__coffin_scaled_total_height_dim=\dimen130
\l__coffin_scaled_width_dim=\dimen131
\c__coffin_empty_coffin=\box41
\l__coffin_display_coffin=\box42
\l__coffin_display_coord_coffin=\box43
\l__coffin_display_pole_coffin=\box44
\l__coffin_display_offset_dim=\dimen132
\l__coffin_display_x_dim=\dimen133
\l__coffin_display_y_dim=\dimen134
\g__char_data_ior=\read1

("C:\Program Files\MiKTeX 2.9\tex/latex/l3kernel\l3deprecation.def"
File: l3deprecation.def 2019-04-06 v L3 Deprecated functions
))
("C:\Program Files\MiKTeX 2.9\tex/latex/l3backend\l3backend-xdvipdfmx.def"
File: l3backend-xdvipdfmx.def 2019-04-06 v L3 backend support: xdvipdfmx
\g__graphics_track_int=\count171
\l__pdf_internal_box=\box45
\g__pdf_backend_object_int=\count172
\g__pdf_backend_annotation_int=\count173
))
Package: xparse 2019-05-28 L3 Experimental document command parser
\l__xparse_current_arg_int=\count174
\g__xparse_grabber_int=\count175
\l__xparse_m_args_int=\count176
\l__xparse_v_nesting_int=\count177
)
Package: fontspec 2019/03/15 v2.7c Font selection for XeLaTeX and LuaLaTeX

("C:\Program Files\MiKTeX 2.9\tex/latex/fontspec\fontspec-xetex.sty"
Package: fontspec-xetex 2019/03/15 v2.7c Font selection for XeLaTeX and LuaLaTe
X
\l__fontspec_script_int=\count178
\l__fontspec_language_int=\count179
\l__fontspec_strnum_int=\count180
\l__fontspec_tmp_int=\count181
\l__fontspec_tmpa_int=\count182
\l__fontspec_tmpb_int=\count183
\l__fontspec_tmpc_int=\count184
\l__fontspec_em_int=\count185
\l__fontspec_emdef_int=\count186
\l__fontspec_strong_int=\count187
\l__fontspec_strongdef_int=\count188
\l__fontspec_tmpa_dim=\dimen135
\l__fontspec_tmpb_dim=\dimen136
\l__fontspec_tmpc_dim=\dimen137

("C:\Program Files\MiKTeX 2.9\tex/latex/base\fontenc.sty"
Package: fontenc 2018/08/11 v2.0j Standard LaTeX package

("C:\Program Files\MiKTeX 2.9\tex/latex/base\tuenc.def"
File: tuenc.def 2018/08/11 v2.0j Standard LaTeX file
LaTeX Font Info:    Redeclaring font encoding TU on input line 82.
))
("C:\Program Files\MiKTeX 2.9\tex/latex/fontspec\fontspec.cfg")
LaTeX Info: Redefining \itshape on input line 4051.
LaTeX Info: Redefining \slshape on input line 4056.
LaTeX Info: Redefining \scshape on input line 4061.
LaTeX Info: Redefining \upshape on input line 4066.
LaTeX Info: Redefining \em on input line 4096.
LaTeX Info: Redefining \emph on input line 4121.
))
("C:\Program Files\MiKTeX 2.9\tex/latex/fancyhdr\fancyhdr.sty"
Package: fancyhdr 2019/01/31 v3.10 Extensive control of page headers and footer
s
\f@nch@headwidth=\skip49
\f@nch@O@elh=\skip50
\f@nch@O@erh=\skip51
\f@nch@O@olh=\skip52
\f@nch@O@orh=\skip53
\f@nch@O@elf=\skip54
\f@nch@O@erf=\skip55
\f@nch@O@olf=\skip56
\f@nch@O@orf=\skip57
)
("C:\Program Files\MiKTeX 2.9\tex/latex/geometry\geometry.sty"
Package: geometry 2018/04/16 v5.8 Page Geometry

("C:\Program Files\MiKTeX 2.9\tex/latex/graphics\keyval.sty"
Package: keyval 2014/10/28 v1.15 key=value parser (DPC)
\KV@toks@=\toks16
)
("C:\Program Files\MiKTeX 2.9\tex/generic/oberdiek\ifpdf.sty"
Package: ifpdf 2018/09/07 v3.3 Provides the ifpdf switch
)
("C:\Program Files\MiKTeX 2.9\tex/generic/oberdiek\ifvtex.sty"
Package: ifvtex 2016/05/16 v1.6 Detect VTeX and its facilities (HO)
Package ifvtex Info: VTeX not detected.
)
("C:\Program Files\MiKTeX 2.9\tex/generic/ifxetex\ifxetex.sty"
Package: ifxetex 2010/09/12 v0.6 Provides ifxetex conditional
)
\Gm@cnth=\count189
\Gm@cntv=\count190
\c@Gm@tempcnt=\count191
\Gm@bindingoffset=\dimen138
\Gm@wd@mp=\dimen139
\Gm@odd@mp=\dimen140
\Gm@even@mp=\dimen141
\Gm@layoutwidth=\dimen142
\Gm@layoutheight=\dimen143
\Gm@layouthoffset=\dimen144
\Gm@layoutvoffset=\dimen145
\Gm@dimlist=\toks17

("C:\Program Files\MiKTeX 2.9\tex/xelatex/xetexconfig\geometry.cfg"))
("C:\Program Files\MiKTeX 2.9\tex/latex/standalone\standalone.sty"
Package: standalone 2018/03/26 v1.3a Package to include TeX sub-files with prea
mbles

("C:\Program Files\MiKTeX 2.9\tex/latex/tools\shellesc.sty"
Package: shellesc 2016/06/07 v0.02a unified shell escape interface for LaTeX
Package shellesc Info: Restricted shell escape enabled on input line 69.
)
("C:\Program Files\MiKTeX 2.9\tex/generic/oberdiek\ifluatex.sty"
Package: ifluatex 2016/05/16 v1.4 Provides the ifluatex switch (HO)
Package ifluatex Info: LuaTeX not detected.
)
("C:\Program Files\MiKTeX 2.9\tex/latex/xkeyval\xkeyval.sty"
Package: xkeyval 2014/12/03 v2.7a package option processing (HA)

("C:\Program Files\MiKTeX 2.9\tex/generic/xkeyval\xkeyval.tex"
("C:\Program Files\MiKTeX 2.9\tex/generic/xkeyval\xkvutils.tex"
\XKV@toks=\toks18
\XKV@tempa@toks=\toks19
)
\XKV@depth=\count192
File: xkeyval.tex 2014/12/03 v2.7a key=value parser (HA)
))
("C:\Program Files\MiKTeX 2.9\tex/latex/currfile\currfile.sty"
Package: currfile 2015/04/23 v0.7c Provides the file path elements of the curre
nt input file

("C:\Program Files\MiKTeX 2.9\tex/latex/oberdiek\kvoptions.sty"
Package: kvoptions 2016/05/16 v3.12 Key value format for package options (HO)

("C:\Program Files\MiKTeX 2.9\tex/generic/oberdiek\ltxcmds.sty"
Package: ltxcmds 2016/05/16 v1.23 LaTeX kernel commands for general use (HO)
)
("C:\Program Files\MiKTeX 2.9\tex/generic/oberdiek\kvsetkeys.sty"
Package: kvsetkeys 2016/05/16 v1.17 Key value parser (HO)

("C:\Program Files\MiKTeX 2.9\tex/generic/oberdiek\infwarerr.sty"
Package: infwarerr 2016/05/16 v1.4 Providing info/warning/error messages (HO)
)
("C:\Program Files\MiKTeX 2.9\tex/generic/oberdiek\etexcmds.sty"
Package: etexcmds 2016/05/16 v1.6 Avoid name clashes with e-TeX commands (HO)
)))
("C:\Program Files\MiKTeX 2.9\tex/latex/filehook\filehook.sty"
Package: filehook 2019/10/03 v0.6 Hooks for input files
)
\c@currfiledepth=\count193
)
("C:\Program Files\MiKTeX 2.9\tex/latex/gincltex\gincltex.sty"
("C:\Program Files\MiKTeX 2.9\tex/latex/svn-prov\svn-prov.sty"
Package: svn-prov 2010/04/24 v3.1862 Package Date/Version from SVN Keywords
)
Package: gincltex 2011/09/04 v0.3 Include external LaTeX files like graphics

("C:\Program Files\MiKTeX 2.9\tex/latex/adjustbox\adjustbox.sty"
Package: adjustbox 2019/01/04 v1.2 Adjusting TeX boxes (trim, clip, ...)

("C:\Program Files\MiKTeX 2.9\tex/latex/adjustbox\adjcalc.sty"
Package: adjcalc 2012/05/16 v1.1 Provides advanced setlength with multiple back
-ends (calc, etex, pgfmath)
)
("C:\Program Files\MiKTeX 2.9\tex/latex/adjustbox\trimclip.sty"
Package: trimclip 2018/04/08 v1.1 Trim and clip general TeX material

("C:\Program Files\MiKTeX 2.9\tex/latex/graphics\graphicx.sty"
Package: graphicx 2017/06/01 v1.1a Enhanced LaTeX Graphics (DPC,SPQR)

("C:\Program Files\MiKTeX 2.9\tex/latex/graphics\graphics.sty"
Package: graphics 2017/06/25 v1.2c Standard LaTeX Graphics (DPC,SPQR)

("C:\Program Files\MiKTeX 2.9\tex/latex/graphics\trig.sty"
Package: trig 2016/01/03 v1.10 sin cos tan (DPC)
)
("C:\Program Files\MiKTeX 2.9\tex/latex/graphics-cfg\graphics.cfg"
File: graphics.cfg 2016/06/04 v1.11 sample graphics configuration
)
Package graphics Info: Driver file: xetex.def on input line 99.

("C:\Program Files\MiKTeX 2.9\tex/latex/graphics-def\xetex.def"
File: xetex.def 2017/06/24 v5.0h Graphics/color driver for xetex
))
\Gin@req@height=\dimen146
\Gin@req@width=\dimen147
)
("C:\Program Files\MiKTeX 2.9\tex/latex/collectbox\collectbox.sty"
Package: collectbox 2012/05/17 v0.4b Collect macro arguments as boxes
\collectedbox=\box46
)
\tc@llx=\dimen148
\tc@lly=\dimen149
\tc@urx=\dimen150
\tc@ury=\dimen151
Package trimclip Info: Using driver 'tc-xetex.def'.

("C:\Program Files\MiKTeX 2.9\tex/latex/adjustbox\tc-xetex.def"
File: tc-xetex.def 2019/01/04 v2.2 Clipping driver for xetex
))
\adjbox@Width=\dimen152
\adjbox@Height=\dimen153
\adjbox@Depth=\dimen154
\adjbox@Totalheight=\dimen155
\adjbox@pwidth=\dimen156
\adjbox@pheight=\dimen157
\adjbox@pdepth=\dimen158
\adjbox@ptotalheight=\dimen159

("C:\Program Files\MiKTeX 2.9\tex/latex/ifoddpage\ifoddpage.sty"
Package: ifoddpage 2016/04/23 v1.1 Conditionals for odd/even page detection
\c@checkoddpage=\count194
)
("C:\Program Files\MiKTeX 2.9\tex/latex/varwidth\varwidth.sty"
Package: varwidth 2009/03/30 ver 0.92;  Variable-width minipages
\@vwid@box=\box47
\sift@deathcycles=\count195
\@vwid@loff=\dimen160
\@vwid@roff=\dimen161
))
\gincltex@box=\box48
))
("C:\Program Files\MiKTeX 2.9\tex/latex/sectsty\sectsty.sty"
Package: sectsty 2002/02/25 v2.0.2 Commands to change all sectional heading sty
les
)
("C:\Program Files\MiKTeX 2.9\tex/latex/tools\array.sty"
Package: array 2018/12/30 v2.4k Tabular extension package (FMi)
\col@sep=\dimen162
\ar@mcellbox=\box49
\extrarowheight=\dimen163
\NC@list=\toks20
\extratabsurround=\skip58
\backup@length=\skip59
\ar@cellbox=\box50
)
("C:\Program Files\MiKTeX 2.9\tex/latex/draftwatermark\draftwatermark.sty"
Package: draftwatermark 2015/02/19 1.2 Put a gray textual watermark on document
 pages

("C:\Program Files\MiKTeX 2.9\tex/latex/everypage\everypage.sty"
Package: everypage 2007/06/20 1.1 Hooks to run on every page
)
("C:\Program Files\MiKTeX 2.9\tex/latex/graphics\color.sty"
Package: color 2016/07/10 v1.1e Standard LaTeX Color (DPC)

("C:\Program Files\MiKTeX 2.9\tex/latex/graphics-cfg\color.cfg"
File: color.cfg 2016/01/02 v1.6 sample color configuration
)
Package color Info: Driver file: xetex.def on input line 147.
)
\sc@wm@hcenter=\skip60
\sc@wm@vcenter=\skip61
\sc@wm@fontsize=\skip62
)
("C:\Program Files\MiKTeX 2.9\tex/latex/pgf/frontendlayer\tikz.sty"
("C:\Program Files\MiKTeX 2.9\tex/latex/pgf/basiclayer\pgf.sty"
("C:\Program Files\MiKTeX 2.9\tex/latex/pgf/utilities\pgfrcs.sty"
("C:\Program Files\MiKTeX 2.9\tex/generic/pgf/utilities\pgfutil-common.tex"
\pgfutil@everybye=\toks21
\pgfutil@tempdima=\dimen164
\pgfutil@tempdimb=\dimen165

("C:\Program Files\MiKTeX 2.9\tex/generic/pgf/utilities\pgfutil-common-lists.te
x")) ("C:\Program Files\MiKTeX 2.9\tex/generic/pgf/utilities\pgfutil-latex.def"
\pgfutil@abb=\box51
("C:\Program Files\MiKTeX 2.9\tex/latex/ms\everyshi.sty"
Package: everyshi 2001/05/15 v3.00 EveryShipout Package (MS)
))
("C:\Program Files\MiKTeX 2.9\tex/generic/pgf/utilities\pgfrcs.code.tex"
("C:\Program Files\MiKTeX 2.9\tex/generic/pgf\pgf.revision.tex")
Package: pgfrcs 2019/08/03 v3.1.4b (3.1.4b)
))
Package: pgf 2019/08/03 v3.1.4b (3.1.4b)

("C:\Program Files\MiKTeX 2.9\tex/latex/pgf/basiclayer\pgfcore.sty"
("C:\Program Files\MiKTeX 2.9\tex/latex/pgf/systemlayer\pgfsys.sty"
("C:\Program Files\MiKTeX 2.9\tex/generic/pgf/systemlayer\pgfsys.code.tex"
Package: pgfsys 2019/08/03 v3.1.4b (3.1.4b)

("C:\Program Files\MiKTeX 2.9\tex/generic/pgf/utilities\pgfkeys.code.tex"
\pgfkeys@pathtoks=\toks22
\pgfkeys@temptoks=\toks23

("C:\Program Files\MiKTeX 2.9\tex/generic/pgf/utilities\pgfkeysfiltered.code.te
x"
\pgfkeys@tmptoks=\toks24
))
\pgf@x=\dimen166
\pgf@y=\dimen167
\pgf@xa=\dimen168
\pgf@ya=\dimen169
\pgf@xb=\dimen170
\pgf@yb=\dimen171
\pgf@xc=\dimen172
\pgf@yc=\dimen173
\pgf@xd=\dimen174
\pgf@yd=\dimen175
\w@pgf@writea=\write3
\r@pgf@reada=\read2
\c@pgf@counta=\count196
\c@pgf@countb=\count197
\c@pgf@countc=\count198
\c@pgf@countd=\count199
\t@pgf@toka=\toks25
\t@pgf@tokb=\toks26
\t@pgf@tokc=\toks27
\pgf@sys@id@count=\count266
 ("C:\Program Files\MiKTeX 2.9\tex/generic/pgf/systemlayer\pgf.cfg"
File: pgf.cfg 2019/08/03 v3.1.4b (3.1.4b)
)
Driver file for pgf: pgfsys-xetex.def

("C:\Program Files\MiKTeX 2.9\tex/generic/pgf/systemlayer\pgfsys-xetex.def"
File: pgfsys-xetex.def 2019/08/03 v3.1.4b (3.1.4b)

("C:\Program Files\MiKTeX 2.9\tex/generic/pgf/systemlayer\pgfsys-dvipdfmx.def"
File: pgfsys-dvipdfmx.def 2019/08/03 v3.1.4b (3.1.4b)

("C:\Program Files\MiKTeX 2.9\tex/generic/pgf/systemlayer\pgfsys-common-pdf.def
"
File: pgfsys-common-pdf.def 2019/08/03 v3.1.4b (3.1.4b)
)
\pgfsys@objnum=\count267
)))
("C:\Program Files\MiKTeX 2.9\tex/generic/pgf/systemlayer\pgfsyssoftpath.code.t
ex"
File: pgfsyssoftpath.code.tex 2019/08/03 v3.1.4b (3.1.4b)
\pgfsyssoftpath@smallbuffer@items=\count268
\pgfsyssoftpath@bigbuffer@items=\count269
)
("C:\Program Files\MiKTeX 2.9\tex/generic/pgf/systemlayer\pgfsysprotocol.code.t
ex"
File: pgfsysprotocol.code.tex 2019/08/03 v3.1.4b (3.1.4b)
)) ("C:\Program Files\MiKTeX 2.9\tex/latex/xcolor\xcolor.sty"
Package: xcolor 2016/05/11 v2.12 LaTeX color extensions (UK)

("C:\Program Files\MiKTeX 2.9\tex/latex/graphics-cfg\color.cfg"
File: color.cfg 2016/01/02 v1.6 sample color configuration
)
Package xcolor Info: Driver file: xetex.def on input line 225.
LaTeX Info: Redefining \color on input line 709.
Package xcolor Info: Model `cmy' substituted by `cmy0' on input line 1348.
Package xcolor Info: Model `RGB' extended on input line 1364.
Package xcolor Info: Model `HTML' substituted by `rgb' on input line 1366.
Package xcolor Info: Model `Hsb' substituted by `hsb' on input line 1367.
Package xcolor Info: Model `tHsb' substituted by `hsb' on input line 1368.
Package xcolor Info: Model `HSB' substituted by `hsb' on input line 1369.
Package xcolor Info: Model `Gray' substituted by `gray' on input line 1370.
Package xcolor Info: Model `wave' substituted by `hsb' on input line 1371.
)
("C:\Program Files\MiKTeX 2.9\tex/generic/pgf/basiclayer\pgfcore.code.tex"
Package: pgfcore 2019/08/03 v3.1.4b (3.1.4b)

("C:\Program Files\MiKTeX 2.9\tex/generic/pgf/math\pgfmath.code.tex"
("C:\Program Files\MiKTeX 2.9\tex/generic/pgf/math\pgfmathcalc.code.tex"
("C:\Program Files\MiKTeX 2.9\tex/generic/pgf/math\pgfmathutil.code.tex")
("C:\Program Files\MiKTeX 2.9\tex/generic/pgf/math\pgfmathparser.code.tex"
\pgfmath@dimen=\dimen176
\pgfmath@count=\count270
\pgfmath@box=\box52
\pgfmath@toks=\toks28
\pgfmath@stack@operand=\toks29
\pgfmath@stack@operation=\toks30
)
("C:\Program Files\MiKTeX 2.9\tex/generic/pgf/math\pgfmathfunctions.code.tex"
("C:\Program Files\MiKTeX 2.9\tex/generic/pgf/math\pgfmathfunctions.basic.code.
tex")
("C:\Program Files\MiKTeX 2.9\tex/generic/pgf/math\pgfmathfunctions.trigonometr
ic.code.tex")
("C:\Program Files\MiKTeX 2.9\tex/generic/pgf/math\pgfmathfunctions.random.code
.tex")
("C:\Program Files\MiKTeX 2.9\tex/generic/pgf/math\pgfmathfunctions.comparison.
code.tex")
("C:\Program Files\MiKTeX 2.9\tex/generic/pgf/math\pgfmathfunctions.base.code.t
ex")
("C:\Program Files\MiKTeX 2.9\tex/generic/pgf/math\pgfmathfunctions.round.code.
tex")
("C:\Program Files\MiKTeX 2.9\tex/generic/pgf/math\pgfmathfunctions.misc.code.t
ex")
("C:\Program Files\MiKTeX 2.9\tex/generic/pgf/math\pgfmathfunctions.integerarit
hmetics.code.tex")))
("C:\Program Files\MiKTeX 2.9\tex/generic/pgf/math\pgfmathfloat.code.tex"
\c@pgfmathroundto@lastzeros=\count271
))
("C:\Program Files\MiKTeX 2.9\tex/generic/pgf/math\pgfint.code.tex")
("C:\Program Files\MiKTeX 2.9\tex/generic/pgf/basiclayer\pgfcorepoints.code.tex
"
File: pgfcorepoints.code.tex 2019/08/03 v3.1.4b (3.1.4b)
\pgf@picminx=\dimen177
\pgf@picmaxx=\dimen178
\pgf@picminy=\dimen179
\pgf@picmaxy=\dimen180
\pgf@pathminx=\dimen181
\pgf@pathmaxx=\dimen182
\pgf@pathminy=\dimen183
\pgf@pathmaxy=\dimen184
\pgf@xx=\dimen185
\pgf@xy=\dimen186
\pgf@yx=\dimen187
\pgf@yy=\dimen188
\pgf@zx=\dimen189
\pgf@zy=\dimen190
)
("C:\Program Files\MiKTeX 2.9\tex/generic/pgf/basiclayer\pgfcorepathconstruct.c
ode.tex"
File: pgfcorepathconstruct.code.tex 2019/08/03 v3.1.4b (3.1.4b)
\pgf@path@lastx=\dimen191
\pgf@path@lasty=\dimen192
)
("C:\Program Files\MiKTeX 2.9\tex/generic/pgf/basiclayer\pgfcorepathusage.code.
tex"
File: pgfcorepathusage.code.tex 2019/08/03 v3.1.4b (3.1.4b)
\pgf@shorten@end@additional=\dimen193
\pgf@shorten@start@additional=\dimen194
)
("C:\Program Files\MiKTeX 2.9\tex/generic/pgf/basiclayer\pgfcorescopes.code.tex
"
File: pgfcorescopes.code.tex 2019/08/03 v3.1.4b (3.1.4b)
\pgfpic=\box53
\pgf@hbox=\box54
\pgf@layerbox@main=\box55
\pgf@picture@serial@count=\count272
)
("C:\Program Files\MiKTeX 2.9\tex/generic/pgf/basiclayer\pgfcoregraphicstate.co
de.tex"
File: pgfcoregraphicstate.code.tex 2019/08/03 v3.1.4b (3.1.4b)
\pgflinewidth=\dimen195
)
("C:\Program Files\MiKTeX 2.9\tex/generic/pgf/basiclayer\pgfcoretransformations
.code.tex"
File: pgfcoretransformations.code.tex 2019/08/03 v3.1.4b (3.1.4b)
\pgf@pt@x=\dimen196
\pgf@pt@y=\dimen197
\pgf@pt@temp=\dimen198
)
("C:\Program Files\MiKTeX 2.9\tex/generic/pgf/basiclayer\pgfcorequick.code.tex"
File: pgfcorequick.code.tex 2019/08/03 v3.1.4b (3.1.4b)
)
("C:\Program Files\MiKTeX 2.9\tex/generic/pgf/basiclayer\pgfcoreobjects.code.te
x"
File: pgfcoreobjects.code.tex 2019/08/03 v3.1.4b (3.1.4b)
)
("C:\Program Files\MiKTeX 2.9\tex/generic/pgf/basiclayer\pgfcorepathprocessing.
code.tex"
File: pgfcorepathprocessing.code.tex 2019/08/03 v3.1.4b (3.1.4b)
)
("C:\Program Files\MiKTeX 2.9\tex/generic/pgf/basiclayer\pgfcorearrows.code.tex
"
File: pgfcorearrows.code.tex 2019/08/03 v3.1.4b (3.1.4b)
\pgfarrowsep=\dimen199
)
("C:\Program Files\MiKTeX 2.9\tex/generic/pgf/basiclayer\pgfcoreshade.code.tex"
File: pgfcoreshade.code.tex 2019/08/03 v3.1.4b (3.1.4b)
\pgf@max=\dimen256
\pgf@sys@shading@range@num=\count273
\pgf@shadingcount=\count274
) ("C:\Program Files\MiKTeX 2.9\tex/generic/pgf/basiclayer\pgfcoreimage.code.te
x"
File: pgfcoreimage.code.tex 2019/08/03 v3.1.4b (3.1.4b)

("C:\Program Files\MiKTeX 2.9\tex/generic/pgf/basiclayer\pgfcoreexternal.code.t
ex"
File: pgfcoreexternal.code.tex 2019/08/03 v3.1.4b (3.1.4b)
\pgfexternal@startupbox=\box56
))
("C:\Program Files\MiKTeX 2.9\tex/generic/pgf/basiclayer\pgfcorelayers.code.tex
"
File: pgfcorelayers.code.tex 2019/08/03 v3.1.4b (3.1.4b)
)
("C:\Program Files\MiKTeX 2.9\tex/generic/pgf/basiclayer\pgfcoretransparency.co
de.tex"
File: pgfcoretransparency.code.tex 2019/08/03 v3.1.4b (3.1.4b)
)
("C:\Program Files\MiKTeX 2.9\tex/generic/pgf/basiclayer\pgfcorepatterns.code.t
ex"
File: pgfcorepatterns.code.tex 2019/08/03 v3.1.4b (3.1.4b)
)
("C:\Program Files\MiKTeX 2.9\tex/generic/pgf/basiclayer\pgfcorerdf.code.tex"
File: pgfcorerdf.code.tex 2019/08/03 v3.1.4b (3.1.4b)
))) ("C:\Program Files\MiKTeX 2.9\tex/generic/pgf/modules\pgfmoduleshapes.code.
tex"
File: pgfmoduleshapes.code.tex 2019/08/03 v3.1.4b (3.1.4b)
\pgfnodeparttextbox=\box57
) ("C:\Program Files\MiKTeX 2.9\tex/generic/pgf/modules\pgfmoduleplot.code.tex"
File: pgfmoduleplot.code.tex 2019/08/03 v3.1.4b (3.1.4b)
)
("C:\Program Files\MiKTeX 2.9\tex/latex/pgf/compatibility\pgfcomp-version-0-65.
sty"
Package: pgfcomp-version-0-65 2019/08/03 v3.1.4b (3.1.4b)
\pgf@nodesepstart=\dimen257
\pgf@nodesepend=\dimen258
)
("C:\Program Files\MiKTeX 2.9\tex/latex/pgf/compatibility\pgfcomp-version-1-18.
sty"
Package: pgfcomp-version-1-18 2019/08/03 v3.1.4b (3.1.4b)
)) ("C:\Program Files\MiKTeX 2.9\tex/latex/pgf/utilities\pgffor.sty"
("C:\Program Files\MiKTeX 2.9\tex/latex/pgf/utilities\pgfkeys.sty"
("C:\Program Files\MiKTeX 2.9\tex/generic/pgf/utilities\pgfkeys.code.tex"))
("C:\Program Files\MiKTeX 2.9\tex/latex/pgf/math\pgfmath.sty"
("C:\Program Files\MiKTeX 2.9\tex/generic/pgf/math\pgfmath.code.tex"))
("C:\Program Files\MiKTeX 2.9\tex/generic/pgf/utilities\pgffor.code.tex"
Package: pgffor 2019/08/03 v3.1.4b (3.1.4b)

("C:\Program Files\MiKTeX 2.9\tex/generic/pgf/math\pgfmath.code.tex")
\pgffor@iter=\dimen259
\pgffor@skip=\dimen260
\pgffor@stack=\toks31
\pgffor@toks=\toks32
))
("C:\Program Files\MiKTeX 2.9\tex/generic/pgf/frontendlayer/tikz\tikz.code.tex"
Package: tikz 2019/08/03 v3.1.4b (3.1.4b)

("C:\Program Files\MiKTeX 2.9\tex/generic/pgf/libraries\pgflibraryplothandlers.
code.tex"
File: pgflibraryplothandlers.code.tex 2019/08/03 v3.1.4b (3.1.4b)
\pgf@plot@mark@count=\count275
\pgfplotmarksize=\dimen261
)
\tikz@lastx=\dimen262
\tikz@lasty=\dimen263
\tikz@lastxsaved=\dimen264
\tikz@lastysaved=\dimen265
\tikz@lastmovetox=\dimen266
\tikz@lastmovetoy=\dimen267
\tikzleveldistance=\dimen268
\tikzsiblingdistance=\dimen269
\tikz@figbox=\box58
\tikz@figbox@bg=\box59
\tikz@tempbox=\box60
\tikz@tempbox@bg=\box61
\tikztreelevel=\count276
\tikznumberofchildren=\count277
\tikznumberofcurrentchild=\count278
\tikz@fig@count=\count279

("C:\Program Files\MiKTeX 2.9\tex/generic/pgf/modules\pgfmodulematrix.code.tex"
File: pgfmodulematrix.code.tex 2019/08/03 v3.1.4b (3.1.4b)
\pgfmatrixcurrentrow=\count280
\pgfmatrixcurrentcolumn=\count281
\pgf@matrix@numberofcolumns=\count282
)
\tikz@expandcount=\count283

("C:\Program Files\MiKTeX 2.9\tex/generic/pgf/frontendlayer/tikz/libraries\tikz
librarytopaths.code.tex"
File: tikzlibrarytopaths.code.tex 2019/08/03 v3.1.4b (3.1.4b)
)))

Package fontspec Info: Font family 'NanumMyeongjo-Regular.ttf(0)' created for
(fontspec)             font 'NanumMyeongjo-Regular.ttf' with options
(fontspec)             [Ligatures=TeX,Path = ./fonts/].
(fontspec)              
(fontspec)              This font family consists of the following NFSS
(fontspec)             series/shapes:
(fontspec)              
(fontspec)             - 'normal' (m/n) with NFSS spec.:
(fontspec)             <->"[./fonts/NanumMyeongjo-Regular.ttf]/OT:mapping=tex-t
ext;"
(fontspec)             - 'small caps'  (m/sc) with NFSS spec.: 

LaTeX Info: Redefining \rmfamily on input line 25.
LaTeX Info: Redefining \sffamily on input line 26.

Package fontspec Info: Font family 'NanumMyeongjo-Regular.ttf(1)' created for
(fontspec)             font 'NanumMyeongjo-Regular.ttf' with options
(fontspec)             [WordSpace={1,0,0},HyphenChar=None,PunctuationSpace=Word
Space,Path
(fontspec)             = ./fonts/].
(fontspec)              
(fontspec)              This font family consists of the following NFSS
(fontspec)             series/shapes:
(fontspec)              
(fontspec)             - 'normal' (m/n) with NFSS spec.:
(fontspec)             <->"[./fonts/NanumMyeongjo-Regular.ttf]/OT"
(fontspec)             - 'small caps'  (m/sc) with NFSS spec.: 
(fontspec)             and font adjustment code:
(fontspec)             \fontdimen 2\font =1\fontdimen 2\font \fontdimen 3\font
(fontspec)             =0\fontdimen 3\font \fontdimen 4\font =0\fontdimen
(fontspec)             4\font \fontdimen 7\font =0\fontdimen 2\font
(fontspec)             \tex_hyphenchar:D \font =-1\scan_stop: 

LaTeX Info: Redefining \ttfamily on input line 27.

Package fontspec Info: Font family 'NanumMyeongjo-Bold.ttf(0)' created for
(fontspec)             font 'NanumMyeongjo-Bold.ttf' with options [Path =
(fontspec)             ./fonts/].
(fontspec)              
(fontspec)              This font family consists of the following NFSS
(fontspec)             series/shapes:
(fontspec)              
(fontspec)             - 'normal' (m/n) with NFSS spec.:
(fontspec)             <->"[./fonts/NanumMyeongjo-Bold.ttf]/OT"
(fontspec)             - 'small caps'  (m/sc) with NFSS spec.: 


("C:\Program Files\MiKTeX 2.9\tex/latex/hyphenat\hyphenat.sty"
Package: hyphenat 2009/09/02 v2.3c hyphenation utilities
\langwohyphens=\language82
LaTeX Info: Redefining \_ on input line 43.
)
No file bd-application.aux.
\openout1 = `bd-application.aux'.

LaTeX Font Info:    Checking defaults for OML/cmm/m/it on input line 55.
LaTeX Font Info:    ... okay on input line 55.
LaTeX Font Info:    Checking defaults for T1/cmr/m/n on input line 55.
LaTeX Font Info:    ... okay on input line 55.
LaTeX Font Info:    Checking defaults for OT1/cmr/m/n on input line 55.
LaTeX Font Info:    ... okay on input line 55.
LaTeX Font Info:    Checking defaults for OMS/cmsy/m/n on input line 55.
LaTeX Font Info:    ... okay on input line 55.
LaTeX Font Info:    Checking defaults for TU/lmr/m/n on input line 55.
LaTeX Font Info:    ... okay on input line 55.
LaTeX Font Info:    Checking defaults for OMX/cmex/m/n on input line 55.
LaTeX Font Info:    ... okay on input line 55.
LaTeX Font Info:    Checking defaults for U/cmr/m/n on input line 55.
LaTeX Font Info:    ... okay on input line 55.

Package fontspec Info: Adjusting the maths setup (use [no-math] to avoid
(fontspec)             this).

\symlegacymaths=\mathgroup4
LaTeX Font Info:    Overwriting symbol font `legacymaths' in version `bold'
(Font)                  OT1/cmr/m/n --> OT1/cmr/bx/n on input line 55.
LaTeX Font Info:    Redeclaring math accent \acute on input line 55.
LaTeX Font Info:    Redeclaring math accent \grave on input line 55.
LaTeX Font Info:    Redeclaring math accent \ddot on input line 55.
LaTeX Font Info:    Redeclaring math accent \tilde on input line 55.
LaTeX Font Info:    Redeclaring math accent \bar on input line 55.
LaTeX Font Info:    Redeclaring math accent \breve on input line 55.
LaTeX Font Info:    Redeclaring math accent \check on input line 55.
LaTeX Font Info:    Redeclaring math accent \hat on input line 55.
LaTeX Font Info:    Redeclaring math accent \dot on input line 55.
LaTeX Font Info:    Redeclaring math accent \mathring on input line 55.
LaTeX Font Info:    Redeclaring math symbol \colon on input line 55.
LaTeX Font Info:    Redeclaring math symbol \Gamma on input line 55.
LaTeX Font Info:    Redeclaring math symbol \Delta on input line 55.
LaTeX Font Info:    Redeclaring math symbol \Theta on input line 55.
LaTeX Font Info:    Redeclaring math symbol \Lambda on input line 55.
LaTeX Font Info:    Redeclaring math symbol \Xi on input line 55.
LaTeX Font Info:    Redeclaring math symbol \Pi on input line 55.
LaTeX Font Info:    Redeclaring math symbol \Sigma on input line 55.
LaTeX Font Info:    Redeclaring math symbol \Upsilon on input line 55.
LaTeX Font Info:    Redeclaring math symbol \Phi on input line 55.
LaTeX Font Info:    Redeclaring math symbol \Psi on input line 55.
LaTeX Font Info:    Redeclaring math symbol \Omega on input line 55.
LaTeX Font Info:    Redeclaring math symbol \mathdollar on input line 55.
LaTeX Font Info:    Redeclaring symbol font `operators' on input line 55.
LaTeX Font Info:    Encoding `OT1' has changed to `TU' for symbol font
(Font)              `operators' in the math version `normal' on input line 55.
LaTeX Font Info:    Overwriting symbol font `operators' in version `normal'
(Font)                  OT1/cmr/m/n --> TU/NanumMyeongjo-Regular.ttf(0)/m/n on 
input line 55.
LaTeX Font Info:    Encoding `OT1' has changed to `TU' for symbol font
(Font)              `operators' in the math version `bold' on input line 55.
LaTeX Font Info:    Overwriting symbol font `operators' in version `bold'
(Font)                  OT1/cmr/bx/n --> TU/NanumMyeongjo-Regular.ttf(0)/m/n on
 input line 55.
LaTeX Font Info:    Overwriting symbol font `operators' in version `normal'
(Font)                  TU/NanumMyeongjo-Regular.ttf(0)/m/n --> TU/NanumMyeongj
o-Regular.ttf(0)/m/n on input line 55.
LaTeX Font Info:    Overwriting math alphabet `\mathit' in version `normal'
(Font)                  OT1/cmr/m/it --> TU/NanumMyeongjo-Regular.ttf(0)/m/it o
n input line 55.
LaTeX Font Info:    Overwriting math alphabet `\mathbf' in version `normal'
(Font)                  OT1/cmr/bx/n --> TU/NanumMyeongjo-Regular.ttf(0)/bx/n o
n input line 55.
LaTeX Font Info:    Overwriting math alphabet `\mathsf' in version `normal'
(Font)                  OT1/cmss/m/n --> TU/NanumMyeongjo-Regular.ttf(0)/m/n on
 input line 55.
LaTeX Font Info:    Overwriting math alphabet `\mathtt' in version `normal'
(Font)                  OT1/cmtt/m/n --> TU/NanumMyeongjo-Regular.ttf(1)/m/n on
 input line 55.
LaTeX Font Info:    Overwriting symbol font `operators' in version `bold'
(Font)                  TU/NanumMyeongjo-Regular.ttf(0)/m/n --> TU/NanumMyeongj
o-Regular.ttf(0)/bx/n on input line 55.
LaTeX Font Info:    Overwriting math alphabet `\mathit' in version `bold'
(Font)                  OT1/cmr/bx/it --> TU/NanumMyeongjo-Regular.ttf(0)/bx/it
 on input line 55.
LaTeX Font Info:    Overwriting math alphabet `\mathsf' in version `bold'
(Font)                  OT1/cmss/bx/n --> TU/NanumMyeongjo-Regular.ttf(0)/bx/n 
on input line 55.
LaTeX Font Info:    Overwriting math alphabet `\mathtt' in version `bold'
(Font)                  OT1/cmtt/m/n --> TU/NanumMyeongjo-Regular.ttf(1)/bx/n o
n input line 55.
*geometry* detected driver: pdftex
*geometry* verbose mode - [ preamble ] result:
* driver: pdftex
* paper: a4paper
* layout: <same size as paper>
* layoutoffset:(h,v)=(0.0pt,0.0pt)
* modes: 
* h-part:(L,W,R)=(42.67912pt, 512.14963pt, 42.67912pt)
* v-part:(T,H,B)=(65.0pt, 694.68858pt, 85.35826pt)
* \paperwidth=597.50787pt
* \paperheight=845.04684pt
* \textwidth=512.14963pt
* \textheight=694.68858pt
* \oddsidemargin=-29.59087pt
* \evensidemargin=-29.59087pt
* \topmargin=-64.26999pt
* \headheight=60.0pt
* \headsep=2.0pt
* \topskip=10.0pt
* \footskip=30.0pt
* \marginparwidth=57.0pt
* \marginparsep=11.0pt
* \columnsep=10.0pt
* \skip\footins=9.0pt plus 4.0pt minus 2.0pt
* \hoffset=0.0pt
* \voffset=0.0pt
* \mag=1000
* \@twocolumnfalse
* \@twosidefalse
* \@mparswitchfalse
* \@reversemarginfalse
* (1in=72.27pt=25.4mm, 1cm=28.453pt)

ABD: EveryShipout initializing macros
File: images/CEIT_Logo.png Graphic file (type bmp)
<images/CEIT_Logo.png>
File: images/Header.png Graphic file (type bmp)
<images/Header.png>


Package Fancyhdr Warning: \headheight is too small (60.0pt): 
Make it at least 79.83345pt.
We now make it that large for the rest of the document.
This may cause the page layout to be inconsistent, however.

File: images/Footer.png Graphic file (type bmp)
<images/Footer.png>
[1

] (Session1/part1.tex

LaTeX Font Warning: Font shape `TU/NanumMyeongjo-Regular.ttf(0)/bx/n' undefined

(Font)              using `TU/NanumMyeongjo-Regular.ttf(0)/m/n' instead on inpu
t line 1.

File: images/CEIT_Logo.png Graphic file (type bmp)
<images/CEIT_Logo.png>
File: images/Header.png Graphic file (type bmp)
<images/Header.png>
File: images/Footer.png Graphic file (type bmp)
<images/Footer.png>
[2]) (Session1/part2.tex
File: images/CEIT_Logo.png Graphic file (type bmp)
<images/CEIT_Logo.png>
File: images/Header.png Graphic file (type bmp)
<images/Header.png>
File: images/Footer.png Graphic file (type bmp)
<images/Footer.png>
 [3]
LaTeX Font Info:    External font `cmex10' loaded for size
(Font)              <7> on input line 51.
LaTeX Font Info:    External font `cmex10' loaded for size
(Font)              <5> on input line 51.
)
File: images/CEIT_Logo.png Graphic file (type bmp)
<images/CEIT_Logo.png>
File: images/Header.png Graphic file (type bmp)
<images/Header.png>
File: images/Footer.png Graphic file (type bmp)
<images/Footer.png>
 [4] (bd-application.aux)

LaTeX Font Warning: Some font shapes were not available, defaults substituted.

 ) 
Here is how much of TeX's memory you used:
 25619 strings out of 427669
 540435 string characters out of 3149215
 626662 words of memory out of 3000000
 29373 multiletter control sequences out of 15000+200000
 532450 words of font info for 38 fonts, out of 3000000 for 9000
 1348 hyphenation exceptions out of 8191
 66i,14n,67p,731b,829s stack positions out of 5000i,500n,10000p,200000b,50000s

Output written on bd-application.pdf (4 pages).
